# JRE version: Java(TM) SE Runtime Environment (8.0_72-b15) (build 1.8.0_72-b15)
# Java VM: Java HotSpot(TM) 64-Bit Server VM (25.72-b15 mixed mode linux-amd64 compressed oops)
Heap:
 def new generation   total 18624K, used 2377K [0x00000000f0600000, 0x00000000f1a30000, 0x00000000f5950000)
  eden space 16576K,   1% used [0x00000000f0600000, 0x00000000f0652428, 0x00000000f1630000)
  from space 2048K, 100% used [0x00000000f1830000, 0x00000000f1a30000, 0x00000000f1a30000)
  to   space 2048K,   0% used [0x00000000f1630000, 0x00000000f1630000, 0x00000000f1830000)
 tenured generation   total 41296K, used 33260K [0x00000000f5950000, 0x00000000f81a4000, 0x0000000100000000)
   the space 41296K,  80% used [0x00000000f5950000, 0x00000000f79cb268, 0x00000000f79cb400, 0x00000000f81a4000)
 Metaspace       used 30258K, capacity 30752K, committed 30976K, reserved 1077248K
  class space    used 3451K, capacity 3566K, committed 3584K, reserved 1048576K
GC Heap History (10 events):
Event: 7.875 GC heap before
{Heap before GC invocations=45 (full 2):
 def new generation   total 11840K, used 11839K [0x00000000f0600000, 0x00000000f12d0000, 0x00000000f5950000)
  eden space 10560K, 100% used [0x00000000f0600000, 0x00000000f1050000, 0x00000000f1050000)
  from space 1280K,  99% used [0x00000000f1050000, 0x00000000f118fff8, 0x00000000f1190000)
  to   space 1280K,   0% used [0x00000000f1190000, 0x00000000f1190000, 0x00000000f12d0000)
 tenured generation   total 26180K, used 21967K [0x00000000f5950000, 0x00000000f72e1000, 0x0000000100000000)
   the space 26180K,  83% used [0x00000000f5950000, 0x00000000f6ec3c28, 0x00000000f6ec3e00, 0x00000000f72e1000)
 Metaspace       used 21644K, capacity 22170K, committed 22400K, reserved 1069056K
  class space    used 2464K, capacity 2605K, committed 2688K, reserved 1048576K
Event: 7.884 GC heap after
Heap after GC invocations=46 (full 2):
 def new generation   total 11840K, used 1280K [0x00000000f0600000, 0x00000000f12d0000, 0x00000000f5950000)
  eden space 10560K,   0% used [0x00000000f0600000, 0x00000000f0600000, 0x00000000f1050000)
  from space 1280K, 100% used [0x00000000f1190000, 0x00000000f12d0000, 0x00000000f12d0000)
  to   space 1280K,   0% used [0x00000000f1050000, 0x00000000f1050000, 0x00000000f1190000)
 tenured generation   total 26180K, used 24492K [0x00000000f5950000, 0x00000000f72e1000, 0x0000000100000000)
   the space 26180K,  93% used [0x00000000f5950000, 0x00000000f713b068, 0x00000000f713b200, 0x00000000f72e1000)
 Metaspace       used 21644K, capacity 22170K, committed 22400K, reserved 1069056K
  class space    used 2464K, capacity 2605K, committed 2688K, reserved 1048576K
}
Event: 8.220 GC heap before
{Heap before GC invocations=46 (full 2):
 def new generation   total 11840K, used 11840K [0x00000000f0600000, 0x00000000f12d0000, 0x00000000f5950000)
  eden space 10560K, 100% used [0x00000000f0600000, 0x00000000f1050000, 0x00000000f1050000)
  from space 1280K, 100% used [0x00000000f1190000, 0x00000000f12d0000, 0x00000000f12d0000)
  to   space 1280K,   0% used [0x00000000f1050000, 0x00000000f1050000, 0x00000000f1190000)
 tenured generation   total 26180K, used 24492K [0x00000000f5950000, 0x00000000f72e1000, 0x0000000100000000)
   the space 26180K,  93% used [0x00000000f5950000, 0x00000000f713b068, 0x00000000f713b200, 0x00000000f72e1000)
 Metaspace       used 24008K, capacity 24512K, committed 24704K, reserved 1071104K
  class space    used 2712K, capacity 2830K, committed 2944K, reserved 1048576K
Event: 8.311 GC heap after
Heap after GC invocations=47 (full 3):
 def new generation   total 18624K, used 0K [0x00000000f0600000, 0x00000000f1a30000, 0x00000000f5950000)
  eden space 16576K,   0% used [0x00000000f0600000, 0x00000000f0600000, 0x00000000f1630000)
  from space 2048K,   0% used [0x00000000f1630000, 0x00000000f1630000, 0x00000000f1830000)
  to   space 2048K,   0% used [0x00000000f1830000, 0x00000000f1830000, 0x00000000f1a30000)
 tenured generation   total 41296K, used 24775K [0x00000000f5950000, 0x00000000f81a4000, 0x0000000100000000)
   the space 41296K,  59% used [0x00000000f5950000, 0x00000000f7181f08, 0x00000000f7182000, 0x00000000f81a4000)
 Metaspace       used 24008K, capacity 24512K, committed 24704K, reserved 1071104K
  class space    used 2712K, capacity 2830K, committed 2944K, reserved 1048576K
}
Event: 8.627 GC heap before
{Heap before GC invocations=47 (full 3):
 def new generation   total 18624K, used 16576K [0x00000000f0600000, 0x00000000f1a30000, 0x00000000f5950000)
  eden space 16576K, 100% used [0x00000000f0600000, 0x00000000f1630000, 0x00000000f1630000)
  from space 2048K,   0% used [0x00000000f1630000, 0x00000000f1630000, 0x00000000f1830000)
  to   space 2048K,   0% used [0x00000000f1830000, 0x00000000f1830000, 0x00000000f1a30000)
 tenured generation   total 41296K, used 24775K [0x00000000f5950000, 0x00000000f81a4000, 0x0000000100000000)
   the space 41296K,  59% used [0x00000000f5950000, 0x00000000f7181f08, 0x00000000f7182000, 0x00000000f81a4000)
 Metaspace       used 24402K, capacity 24992K, committed 25216K, reserved 1071104K
  class space    used 2752K, capacity 2862K, committed 2944K, reserved 1048576K
Event: 8.659 GC heap after
Heap after GC invocations=48 (full 3):
 def new generation   total 18624K, used 2048K [0x00000000f0600000, 0x00000000f1a30000, 0x00000000f5950000)
  eden space 16576K,   0% used [0x00000000f0600000, 0x00000000f0600000, 0x00000000f1630000)
  from space 2048K, 100% used [0x00000000f1830000, 0x00000000f1a30000, 0x00000000f1a30000)
  to   space 2048K,   0% used [0x00000000f1630000, 0x00000000f1630000, 0x00000000f1830000)
 tenured generation   total 41296K, used 28696K [0x00000000f5950000, 0x00000000f81a4000, 0x0000000100000000)
   the space 41296K,  69% used [0x00000000f5950000, 0x00000000f7556068, 0x00000000f7556200, 0x00000000f81a4000)
 Metaspace       used 24402K, capacity 24992K, committed 25216K, reserved 1071104K
  class space    used 2752K, capacity 2862K, committed 2944K, reserved 1048576K
}
Event: 9.331 GC heap before
{Heap before GC invocations=48 (full 3):
 def new generation   total 18624K, used 18624K [0x00000000f0600000, 0x00000000f1a30000, 0x00000000f5950000)
  eden space 16576K, 100% used [0x00000000f0600000, 0x00000000f1630000, 0x00000000f1630000)
  from space 2048K, 100% used [0x00000000f1830000, 0x00000000f1a30000, 0x00000000f1a30000)
  to   space 2048K,   0% used [0x00000000f1630000, 0x00000000f1630000, 0x00000000f1830000)
 tenured generation   total 41296K, used 28696K [0x00000000f5950000, 0x00000000f81a4000, 0x0000000100000000)
   the space 41296K,  69% used [0x00000000f5950000, 0x00000000f7556068, 0x00000000f7556200, 0x00000000f81a4000)
 Metaspace       used 28707K, capacity 29248K, committed 29568K, reserved 1075200K
  class space    used 3213K, capacity 3342K, committed 3456K, reserved 1048576K
Event: 9.349 GC heap after
Heap after GC invocations=49 (full 3):
 def new generation   total 18624K, used 2048K [0x00000000f0600000, 0x00000000f1a30000, 0x00000000f5950000)
  eden space 16576K,   0% used [0x00000000f0600000, 0x00000000f0600000, 0x00000000f1630000)
  from space 2048K, 100% used [0x00000000f1630000, 0x00000000f1830000, 0x00000000f1830000)
  to   space 2048K,   0% used [0x00000000f1830000, 0x00000000f1830000, 0x00000000f1a30000)
 tenured generation   total 41296K, used 32029K [0x00000000f5950000, 0x00000000f81a4000, 0x0000000100000000)
   the space 41296K,  77% used [0x00000000f5950000, 0x00000000f78974f0, 0x00000000f7897600, 0x00000000f81a4000)
 Metaspace       used 28707K, capacity 29248K, committed 29568K, reserved 1075200K
  class space    used 3213K, capacity 3342K, committed 3456K, reserved 1048576K
}
Event: 9.874 GC heap before
{Heap before GC invocations=49 (full 3):
 def new generation   total 18624K, used 18624K [0x00000000f0600000, 0x00000000f1a30000, 0x00000000f5950000)
  eden space 16576K, 100% used [0x00000000f0600000, 0x00000000f1630000, 0x00000000f1630000)
  from space 2048K, 100% used [0x00000000f1630000, 0x00000000f1830000, 0x00000000f1830000)
  to   space 2048K,   0% used [0x00000000f1830000, 0x00000000f1830000, 0x00000000f1a30000)
 tenured generation   total 41296K, used 32029K [0x00000000f5950000, 0x00000000f81a4000, 0x0000000100000000)
   the space 41296K,  77% used [0x00000000f5950000, 0x00000000f78974f0, 0x00000000f7897600, 0x00000000f81a4000)
 Metaspace       used 30244K, capacity 30752K, committed 30976K, reserved 1077248K
  class space    used 3450K, capacity 3566K, committed 3584K, reserved 1048576K
Event: 9.880 GC heap after
Heap after GC invocations=50 (full 3):
 def new generation   total 18624K, used 2048K [0x00000000f0600000, 0x00000000f1a30000, 0x00000000f5950000)
  eden space 16576K,   0% used [0x00000000f0600000, 0x00000000f0600000, 0x00000000f1630000)
  from space 2048K, 100% used [0x00000000f1830000, 0x00000000f1a30000, 0x00000000f1a30000)
  to   space 2048K,   0% used [0x00000000f1630000, 0x00000000f1630000, 0x00000000f1830000)
 tenured generation   total 41296K, used 33260K [0x00000000f5950000, 0x00000000f81a4000, 0x0000000100000000)
   the space 41296K,  80% used [0x00000000f5950000, 0x00000000f79cb268, 0x00000000f79cb400, 0x00000000f81a4000)
 Metaspace       used 30244K, capacity 30752K, committed 30976K, reserved 1077248K
  class space    used 3450K, capacity 3566K, committed 3584K, reserved 1048576K
}

