# JRE version: Java(TM) SE Runtime Environment (8.0_72-b15) (build 1.8.0_72-b15)
# Java VM: Java HotSpot(TM) 64-Bit Server VM (25.72-b15 mixed mode linux-amd64 compressed oops)
Heap:
 def new generation   total 20736K, used 17709K [0x00000000f0600000, 0x00000000f1c70000, 0x00000000f5950000)
  eden space 18496K,  83% used [0x00000000f0600000, 0x00000000f151b750, 0x00000000f1810000)
  from space 2240K, 100% used [0x00000000f1810000, 0x00000000f1a40000, 0x00000000f1a40000)
  to   space 2240K,   0% used [0x00000000f1a40000, 0x00000000f1a40000, 0x00000000f1c70000)
 tenured generation   total 45932K, used 39132K [0x00000000f5950000, 0x00000000f862b000, 0x0000000100000000)
   the space 45932K,  85% used [0x00000000f5950000, 0x00000000f7f87138, 0x00000000f7f87200, 0x00000000f862b000)
 Metaspace       used 31354K, capacity 31872K, committed 32128K, reserved 1077248K
  class space    used 3556K, capacity 3662K, committed 3712K, reserved 1048576K
GC Heap History (10 events):
Event: 8.107 GC heap before
{Heap before GC invocations=48 (full 2):
 def new generation   total 11456K, used 11456K [0x00000000f0600000, 0x00000000f1260000, 0x00000000f5950000)
  eden space 10240K, 100% used [0x00000000f0600000, 0x00000000f1000000, 0x00000000f1000000)
  from space 1216K, 100% used [0x00000000f1000000, 0x00000000f1130000, 0x00000000f1130000)
  to   space 1216K,   0% used [0x00000000f1130000, 0x00000000f1130000, 0x00000000f1260000)
 tenured generation   total 25256K, used 24375K [0x00000000f5950000, 0x00000000f71fa000, 0x0000000100000000)
   the space 25256K,  96% used [0x00000000f5950000, 0x00000000f711deb0, 0x00000000f711e000, 0x00000000f71fa000)
 Metaspace       used 24023K, capacity 24512K, committed 24704K, reserved 1071104K
  class space    used 2712K, capacity 2830K, committed 2944K, reserved 1048576K
Event: 8.206 GC heap after
Heap after GC invocations=49 (full 3):
 def new generation   total 20736K, used 17K [0x00000000f0600000, 0x00000000f1c70000, 0x00000000f5950000)
  eden space 18496K,   0% used [0x00000000f0600000, 0x00000000f06046d8, 0x00000000f1810000)
  from space 2240K,   0% used [0x00000000f1810000, 0x00000000f1810000, 0x00000000f1a40000)
  to   space 2240K,   0% used [0x00000000f1a40000, 0x00000000f1a40000, 0x00000000f1c70000)
 tenured generation   total 45932K, used 27558K [0x00000000f5950000, 0x00000000f862b000, 0x0000000100000000)
   the space 45932K,  59% used [0x00000000f5950000, 0x00000000f7439b98, 0x00000000f7439c00, 0x00000000f862b000)
 Metaspace       used 24023K, capacity 24512K, committed 24704K, reserved 1071104K
  class space    used 2712K, capacity 2830K, committed 2944K, reserved 1048576K
}
Event: 8.682 GC heap before
{Heap before GC invocations=49 (full 3):
 def new generation   total 20736K, used 18483K [0x00000000f0600000, 0x00000000f1c70000, 0x00000000f5950000)
  eden space 18496K,  99% used [0x00000000f0600000, 0x00000000f180cf48, 0x00000000f1810000)
  from space 2240K,   0% used [0x00000000f1810000, 0x00000000f1810000, 0x00000000f1a40000)
  to   space 2240K,   0% used [0x00000000f1a40000, 0x00000000f1a40000, 0x00000000f1c70000)
 tenured generation   total 45932K, used 27558K [0x00000000f5950000, 0x00000000f862b000, 0x0000000100000000)
   the space 45932K,  59% used [0x00000000f5950000, 0x00000000f7439b98, 0x00000000f7439c00, 0x00000000f862b000)
 Metaspace       used 27017K, capacity 27488K, committed 27776K, reserved 1073152K
  class space    used 3053K, capacity 3182K, committed 3200K, reserved 1048576K
Event: 8.728 GC heap after
Heap after GC invocations=50 (full 3):
 def new generation   total 20736K, used 2240K [0x00000000f0600000, 0x00000000f1c70000, 0x00000000f5950000)
  eden space 18496K,   0% used [0x00000000f0600000, 0x00000000f0600000, 0x00000000f1810000)
  from space 2240K, 100% used [0x00000000f1a40000, 0x00000000f1c70000, 0x00000000f1c70000)
  to   space 2240K,   0% used [0x00000000f1810000, 0x00000000f1810000, 0x00000000f1a40000)
 tenured generation   total 45932K, used 29934K [0x00000000f5950000, 0x00000000f862b000, 0x0000000100000000)
   the space 45932K,  65% used [0x00000000f5950000, 0x00000000f768b9a0, 0x00000000f768ba00, 0x00000000f862b000)
 Metaspace       used 27017K, capacity 27488K, committed 27776K, reserved 1073152K
  class space    used 3053K, capacity 3182K, committed 3200K, reserved 1048576K
}
Event: 9.353 GC heap before
{Heap before GC invocations=50 (full 3):
 def new generation   total 20736K, used 20736K [0x00000000f0600000, 0x00000000f1c70000, 0x00000000f5950000)
  eden space 18496K, 100% used [0x00000000f0600000, 0x00000000f1810000, 0x00000000f1810000)
  from space 2240K, 100% used [0x00000000f1a40000, 0x00000000f1c70000, 0x00000000f1c70000)
  to   space 2240K,   0% used [0x00000000f1810000, 0x00000000f1810000, 0x00000000f1a40000)
 tenured generation   total 45932K, used 29934K [0x00000000f5950000, 0x00000000f862b000, 0x0000000100000000)
   the space 45932K,  65% used [0x00000000f5950000, 0x00000000f768b9a0, 0x00000000f768ba00, 0x00000000f862b000)
 Metaspace       used 30130K, capacity 30624K, committed 30720K, reserved 1077248K
  class space    used 3446K, capacity 3566K, committed 3584K, reserved 1048576K
Event: 9.380 GC heap after
Heap after GC invocations=51 (full 3):
 def new generation   total 20736K, used 2240K [0x00000000f0600000, 0x00000000f1c70000, 0x00000000f5950000)
  eden space 18496K,   0% used [0x00000000f0600000, 0x00000000f0600000, 0x00000000f1810000)
  from space 2240K, 100% used [0x00000000f1810000, 0x00000000f1a40000, 0x00000000f1a40000)
  to   space 2240K,   0% used [0x00000000f1a40000, 0x00000000f1a40000, 0x00000000f1c70000)
 tenured generation   total 45932K, used 33337K [0x00000000f5950000, 0x00000000f862b000, 0x0000000100000000)
   the space 45932K,  72% used [0x00000000f5950000, 0x00000000f79de450, 0x00000000f79de600, 0x00000000f862b000)
 Metaspace       used 30130K, capacity 30624K, committed 30720K, reserved 1077248K
  class space    used 3446K, capacity 3566K, committed 3584K, reserved 1048576K
}
Event: 10.170 GC heap before
{Heap before GC invocations=51 (full 3):
 def new generation   total 20736K, used 20736K [0x00000000f0600000, 0x00000000f1c70000, 0x00000000f5950000)
  eden space 18496K, 100% used [0x00000000f0600000, 0x00000000f1810000, 0x00000000f1810000)
  from space 2240K, 100% used [0x00000000f1810000, 0x00000000f1a40000, 0x00000000f1a40000)
  to   space 2240K,   0% used [0x00000000f1a40000, 0x00000000f1a40000, 0x00000000f1c70000)
 tenured generation   total 45932K, used 33337K [0x00000000f5950000, 0x00000000f862b000, 0x0000000100000000)
   the space 45932K,  72% used [0x00000000f5950000, 0x00000000f79de450, 0x00000000f79de600, 0x00000000f862b000)
 Metaspace       used 30591K, capacity 31104K, committed 31360K, reserved 1077248K
  class space    used 3485K, capacity 3598K, committed 3712K, reserved 1048576K
Event: 10.184 GC heap after
Heap after GC invocations=52 (full 3):
 def new generation   total 20736K, used 2240K [0x00000000f0600000, 0x00000000f1c70000, 0x00000000f5950000)
  eden space 18496K,   0% used [0x00000000f0600000, 0x00000000f0600000, 0x00000000f1810000)
  from space 2240K, 100% used [0x00000000f1a40000, 0x00000000f1c70000, 0x00000000f1c70000)
  to   space 2240K,   0% used [0x00000000f1810000, 0x00000000f1810000, 0x00000000f1a40000)
 tenured generation   total 45932K, used 36362K [0x00000000f5950000, 0x00000000f862b000, 0x0000000100000000)
   the space 45932K,  79% used [0x00000000f5950000, 0x00000000f7cd29e0, 0x00000000f7cd2a00, 0x00000000f862b000)
 Metaspace       used 30591K, capacity 31104K, committed 31360K, reserved 1077248K
  class space    used 3485K, capacity 3598K, committed 3712K, reserved 1048576K
}
Event: 10.434 GC heap before
{Heap before GC invocations=52 (full 3):
 def new generation   total 20736K, used 20736K [0x00000000f0600000, 0x00000000f1c70000, 0x00000000f5950000)
  eden space 18496K, 100% used [0x00000000f0600000, 0x00000000f1810000, 0x00000000f1810000)
  from space 2240K, 100% used [0x00000000f1a40000, 0x00000000f1c70000, 0x00000000f1c70000)
  to   space 2240K,   0% used [0x00000000f1810000, 0x00000000f1810000, 0x00000000f1a40000)
 tenured generation   total 45932K, used 36362K [0x00000000f5950000, 0x00000000f862b000, 0x0000000100000000)
   the space 45932K,  79% used [0x00000000f5950000, 0x00000000f7cd29e0, 0x00000000f7cd2a00, 0x00000000f862b000)
 Metaspace       used 30647K, capacity 31168K, committed 31360K, reserved 1077248K
  class space    used 3485K, capacity 3598K, committed 3712K, reserved 1048576K
Event: 10.450 GC heap after
Heap after GC invocations=53 (full 3):
 def new generation   total 20736K, used 2240K [0x00000000f0600000, 0x00000000f1c70000, 0x00000000f5950000)
  eden space 18496K,   0% used [0x00000000f0600000, 0x00000000f0600000, 0x00000000f1810000)
  from space 2240K, 100% used [0x00000000f1810000, 0x00000000f1a40000, 0x00000000f1a40000)
  to   space 2240K,   0% used [0x00000000f1a40000, 0x00000000f1a40000, 0x00000000f1c70000)
 tenured generation   total 45932K, used 39132K [0x00000000f5950000, 0x00000000f862b000, 0x0000000100000000)
   the space 45932K,  85% used [0x00000000f5950000, 0x00000000f7f87138, 0x00000000f7f87200, 0x00000000f862b000)
 Metaspace       used 30647K, capacity 31168K, committed 31360K, reserved 1077248K
  class space    used 3485K, capacity 3598K, committed 3712K, reserved 1048576K
}

