# JRE version: Java(TM) SE Runtime Environment (8.0_72-b15) (build 1.8.0_72-b15)
# Java VM: Java HotSpot(TM) 64-Bit Server VM (25.72-b15 mixed mode linux-amd64 compressed oops)
Heap:
 def new generation   total 20416K, used 0K [0x00000000f0600000, 0x00000000f1c20000, 0x00000000f5950000)
  eden space 18176K,   0% used [0x00000000f0600000, 0x00000000f0600000, 0x00000000f17c0000)
  from space 2240K,   0% used [0x00000000f19f0000, 0x00000000f19f0000, 0x00000000f1c20000)
  to   space 2240K,   0% used [0x00000000f17c0000, 0x00000000f17c0000, 0x00000000f19f0000)
 tenured generation   total 45676K, used 42217K [0x00000000f5950000, 0x00000000f85eb000, 0x0000000100000000)
   the space 45676K,  92% used [0x00000000f5950000, 0x00000000f828a7d0, 0x00000000f828a800, 0x00000000f85eb000)
 Metaspace       used 34295K, capacity 35026K, committed 35328K, reserved 1081344K
  class space    used 3833K, capacity 4049K, committed 4096K, reserved 1048576K
GC Heap History (10 events):
Event: 9.263 GC heap after
Heap after GC invocations=53 (full 3):
 def new generation   total 20416K, used 2239K [0x00000000f0600000, 0x00000000f1c20000, 0x00000000f5950000)
  eden space 18176K,   0% used [0x00000000f0600000, 0x00000000f0600000, 0x00000000f17c0000)
  from space 2240K,  99% used [0x00000000f17c0000, 0x00000000f19efff8, 0x00000000f19f0000)
  to   space 2240K,   0% used [0x00000000f19f0000, 0x00000000f19f0000, 0x00000000f1c20000)
 tenured generation   total 45292K, used 39179K [0x00000000f5950000, 0x00000000f858b000, 0x0000000100000000)
   the space 45292K,  86% used [0x00000000f5950000, 0x00000000f7f92eb0, 0x00000000f7f93000, 0x00000000f858b000)
 Metaspace       used 30914K, capacity 31392K, committed 31616K, reserved 1077248K
  class space    used 3497K, capacity 3630K, committed 3712K, reserved 1048576K
}
Event: 9.571 GC heap before
{Heap before GC invocations=53 (full 3):
 def new generation   total 20416K, used 20415K [0x00000000f0600000, 0x00000000f1c20000, 0x00000000f5950000)
  eden space 18176K, 100% used [0x00000000f0600000, 0x00000000f17c0000, 0x00000000f17c0000)
  from space 2240K,  99% used [0x00000000f17c0000, 0x00000000f19efff8, 0x00000000f19f0000)
  to   space 2240K,   0% used [0x00000000f19f0000, 0x00000000f19f0000, 0x00000000f1c20000)
 tenured generation   total 45292K, used 39179K [0x00000000f5950000, 0x00000000f858b000, 0x0000000100000000)
   the space 45292K,  86% used [0x00000000f5950000, 0x00000000f7f92eb0, 0x00000000f7f93000, 0x00000000f858b000)
 Metaspace       used 31226K, capacity 31744K, committed 31872K, reserved 1077248K
  class space    used 3543K, capacity 3662K, committed 3712K, reserved 1048576K
Event: 9.594 GC heap after
Heap after GC invocations=54 (full 3):
 def new generation   total 20416K, used 2240K [0x00000000f0600000, 0x00000000f1c20000, 0x00000000f5950000)
  eden space 18176K,   0% used [0x00000000f0600000, 0x00000000f0600000, 0x00000000f17c0000)
  from space 2240K, 100% used [0x00000000f19f0000, 0x00000000f1c20000, 0x00000000f1c20000)
  to   space 2240K,   0% used [0x00000000f17c0000, 0x00000000f17c0000, 0x00000000f19f0000)
 tenured generation   total 45292K, used 41734K [0x00000000f5950000, 0x00000000f858b000, 0x0000000100000000)
   the space 45292K,  92% used [0x00000000f5950000, 0x00000000f8211818, 0x00000000f8211a00, 0x00000000f858b000)
 Metaspace       used 31226K, capacity 31744K, committed 31872K, reserved 1077248K
  class space    used 3543K, capacity 3662K, committed 3712K, reserved 1048576K
}
Event: 10.527 GC heap before
{Heap before GC invocations=54 (full 3):
 def new generation   total 20416K, used 20416K [0x00000000f0600000, 0x00000000f1c20000, 0x00000000f5950000)
  eden space 18176K, 100% used [0x00000000f0600000, 0x00000000f17c0000, 0x00000000f17c0000)
  from space 2240K, 100% used [0x00000000f19f0000, 0x00000000f1c20000, 0x00000000f1c20000)
  to   space 2240K,   0% used [0x00000000f17c0000, 0x00000000f17c0000, 0x00000000f19f0000)
 tenured generation   total 45292K, used 41734K [0x00000000f5950000, 0x00000000f858b000, 0x0000000100000000)
   the space 45292K,  92% used [0x00000000f5950000, 0x00000000f8211818, 0x00000000f8211a00, 0x00000000f858b000)
 Metaspace       used 32009K, capacity 32480K, committed 32640K, reserved 1079296K
  class space    used 3588K, capacity 3694K, committed 3712K, reserved 1048576K
Event: 10.536 GC heap after
Heap after GC invocations=55 (full 3):
 def new generation   total 20416K, used 548K [0x00000000f0600000, 0x00000000f1c20000, 0x00000000f5950000)
  eden space 18176K,   0% used [0x00000000f0600000, 0x00000000f0600000, 0x00000000f17c0000)
  from space 2240K,  24% used [0x00000000f17c0000, 0x00000000f18492d0, 0x00000000f19f0000)
  to   space 2240K,   0% used [0x00000000f19f0000, 0x00000000f19f0000, 0x00000000f1c20000)
 tenured generation   total 45292K, used 43956K [0x00000000f5950000, 0x00000000f858b000, 0x0000000100000000)
   the space 45292K,  97% used [0x00000000f5950000, 0x00000000f843d190, 0x00000000f843d200, 0x00000000f858b000)
 Metaspace       used 32009K, capacity 32480K, committed 32640K, reserved 1079296K
  class space    used 3588K, capacity 3694K, committed 3712K, reserved 1048576K
}
Event: 11.008 GC heap before
{Heap before GC invocations=55 (full 3):
 def new generation   total 20416K, used 18724K [0x00000000f0600000, 0x00000000f1c20000, 0x00000000f5950000)
  eden space 18176K, 100% used [0x00000000f0600000, 0x00000000f17c0000, 0x00000000f17c0000)
  from space 2240K,  24% used [0x00000000f17c0000, 0x00000000f18492d0, 0x00000000f19f0000)
  to   space 2240K,   0% used [0x00000000f19f0000, 0x00000000f19f0000, 0x00000000f1c20000)
 tenured generation   total 45292K, used 43956K [0x00000000f5950000, 0x00000000f858b000, 0x0000000100000000)
   the space 45292K,  97% used [0x00000000f5950000, 0x00000000f843d190, 0x00000000f843d200, 0x00000000f858b000)
 Metaspace       used 32182K, capacity 32640K, committed 33024K, reserved 1079296K
  class space    used 3598K, capacity 3726K, committed 3840K, reserved 1048576K
Event: 11.013 GC heap after
Heap after GC invocations=56 (full 3):
 def new generation   total 20416K, used 949K [0x00000000f0600000, 0x00000000f1c20000, 0x00000000f5950000)
  eden space 18176K,   0% used [0x00000000f0600000, 0x00000000f0600000, 0x00000000f17c0000)
  from space 2240K,  42% used [0x00000000f19f0000, 0x00000000f1add5d0, 0x00000000f1c20000)
  to   space 2240K,   0% used [0x00000000f17c0000, 0x00000000f17c0000, 0x00000000f19f0000)
 tenured generation   total 45292K, used 43956K [0x00000000f5950000, 0x00000000f858b000, 0x0000000100000000)
   the space 45292K,  97% used [0x00000000f5950000, 0x00000000f843d190, 0x00000000f843d200, 0x00000000f858b000)
 Metaspace       used 32182K, capacity 32640K, committed 33024K, reserved 1079296K
  class space    used 3598K, capacity 3726K, committed 3840K, reserved 1048576K
}
Event: 11.422 GC heap before
{Heap before GC invocations=56 (full 3):
 def new generation   total 20416K, used 19125K [0x00000000f0600000, 0x00000000f1c20000, 0x00000000f5950000)
  eden space 18176K, 100% used [0x00000000f0600000, 0x00000000f17c0000, 0x00000000f17c0000)
  from space 2240K,  42% used [0x00000000f19f0000, 0x00000000f1add5d0, 0x00000000f1c20000)
  to   space 2240K,   0% used [0x00000000f17c0000, 0x00000000f17c0000, 0x00000000f19f0000)
 tenured generation   total 45292K, used 43956K [0x00000000f5950000, 0x00000000f858b000, 0x0000000100000000)
   the space 45292K,  97% used [0x00000000f5950000, 0x00000000f843d190, 0x00000000f843d200, 0x00000000f858b000)
 Metaspace       used 32724K, capacity 33314K, committed 33536K, reserved 1079296K
  class space    used 3642K, capacity 3799K, committed 3840K, reserved 1048576K
Event: 11.435 GC heap after
Heap after GC invocations=57 (full 3):
 def new generation   total 20416K, used 2239K [0x00000000f0600000, 0x00000000f1c20000, 0x00000000f5950000)
  eden space 18176K,   0% used [0x00000000f0600000, 0x00000000f0600000, 0x00000000f17c0000)
  from space 2240K,  99% used [0x00000000f17c0000, 0x00000000f19efff8, 0x00000000f19f0000)
  to   space 2240K,   0% used [0x00000000f19f0000, 0x00000000f19f0000, 0x00000000f1c20000)
 tenured generation   total 45292K, used 44023K [0x00000000f5950000, 0x00000000f858b000, 0x0000000100000000)
   the space 45292K,  97% used [0x00000000f5950000, 0x00000000f844dfa8, 0x00000000f844e000, 0x00000000f858b000)
 Metaspace       used 32724K, capacity 33314K, committed 33536K, reserved 1079296K
  class space    used 3642K, capacity 3799K, committed 3840K, reserved 1048576K
}
Event: 12.117 GC heap before
{Heap before GC invocations=57 (full 3):
 def new generation   total 20416K, used 20415K [0x00000000f0600000, 0x00000000f1c20000, 0x00000000f5950000)
  eden space 18176K, 100% used [0x00000000f0600000, 0x00000000f17c0000, 0x00000000f17c0000)
  from space 2240K,  99% used [0x00000000f17c0000, 0x00000000f19efff8, 0x00000000f19f0000)
  to   space 2240K,   0% used [0x00000000f19f0000, 0x00000000f19f0000, 0x00000000f1c20000)
 tenured generation   total 45292K, used 44023K [0x00000000f5950000, 0x00000000f858b000, 0x0000000100000000)
   the space 45292K,  97% used [0x00000000f5950000, 0x00000000f844dfa8, 0x00000000f844e000, 0x00000000f858b000)
 Metaspace       used 34295K, capacity 35026K, committed 35328K, reserved 1081344K
  class space    used 3833K, capacity 4049K, committed 4096K, reserved 1048576K

